{"app":"glade","level":"warn","message":"Unauthenticated access attempt blocked for: /glade/api/apps","timestamp":"2025-09-13T07:07:53.701Z"}
{"app":"glade","level":"info","message":"Response sent by: apps.js","timestamp":"2025-09-13T07:07:53.701Z"}
{"app":"glade","level":"info","message":"Body already processed, skipping for login.js","timestamp":"2025-09-13T07:08:00.118Z"}
{"app":"glade","level":"info","message":"Response sent by: login.js","timestamp":"2025-09-13T07:08:00.206Z"}
{"app":"glade","level":"info","message":"Response sent by: apps.js","timestamp":"2025-09-13T07:08:00.999Z"}
{"app":"glade","level":"warn","message":"Unauthenticated access attempt blocked for: /glade/api/apps","timestamp":"2025-09-13T07:43:08.759Z"}
{"app":"glade","level":"info","message":"Response sent by: apps.js","timestamp":"2025-09-13T07:43:08.759Z"}
{"app":"glade","level":"info","message":"Body already processed, skipping for login.js","timestamp":"2025-09-13T07:43:16.829Z"}
{"app":"glade","level":"info","message":"Response sent by: login.js","timestamp":"2025-09-13T07:43:16.924Z"}
{"app":"glade","level":"info","message":"Response sent by: apps.js","timestamp":"2025-09-13T07:43:17.479Z"}
{"app":"glade","level":"warn","message":"Unauthenticated access attempt blocked for: /glade/api/apps","timestamp":"2025-09-13T09:08:55.965Z"}
{"app":"glade","level":"info","message":"Response sent by: apps.js","timestamp":"2025-09-13T09:08:55.965Z"}
{"app":"glade","level":"info","message":"Body already processed, skipping for login.js","timestamp":"2025-09-13T09:08:59.436Z"}
{"app":"glade","level":"info","message":"Response sent by: login.js","timestamp":"2025-09-13T09:08:59.514Z"}
{"app":"glade","level":"info","message":"Response sent by: apps.js","timestamp":"2025-09-13T09:09:00.133Z"}
{"app":"glade","level":"info","message":"App 'lifecycle_app_1757697663469' is now in maintenance mode.","timestamp":"2025-09-13T09:09:12.007Z"}
{"app":"glade","level":"info","message":"Shutting down logger for app 'lifecycle_app_1757697663469' before deletion.","timestamp":"2025-09-13T09:09:12.008Z"}
{"app":"glade","level":"info","message":"Shutting down database connections for app 'lifecycle_app_1757697663469' before deletion.","timestamp":"2025-09-13T09:09:12.009Z"}
{"app":"glade","level":"info","message":"Revoking permissions for 'lifecycle_app_1757697663469'...","timestamp":"2025-09-13T09:09:12.009Z"}
{"app":"glade","level":"info","message":"Permissions for 'lifecycle_app_1757697663469' removed from settings/permissions.json.","timestamp":"2025-09-13T09:09:12.010Z"}
{"app":"glade","level":"info","message":"Deleting app directory: E:\\repos\\gingee\\web\\lifecycle_app_1757697663469","timestamp":"2025-09-13T09:09:12.011Z"}
{"app":"glade","level":"info","message":"Removing app 'lifecycle_app_1757697663469' from app registry.","timestamp":"2025-09-13T09:09:12.020Z"}
{"app":"glade","level":"info","message":"Purging require, transpile and static file caches for app: ","timestamp":"2025-09-13T09:09:12.021Z"}
{"app":"glade","level":"info","message":"Purged require cache for: E:\\repos\\gingee\\web\\lifecycle_app_1757697663469\\box\\app.json","timestamp":"2025-09-13T09:09:12.021Z"}
{"app":"glade","level":"info","message":"App 'lifecycle_app_1757697663469' deleted successfully.","timestamp":"2025-09-13T09:09:12.022Z"}
{"app":"glade","level":"info","message":"App 'lifecycle_app_1757697663469' has been taken out of maintenance mode due to an error.","timestamp":"2025-09-13T09:09:12.022Z"}
{"app":"glade","level":"info","message":"Deletion succeeded for app lifecycle_app_1757697663469","timestamp":"2025-09-13T09:09:12.022Z"}
{"app":"glade","level":"info","message":"Response sent by: delete.js","timestamp":"2025-09-13T09:09:12.022Z"}
{"app":"glade","level":"info","message":"Response sent by: apps.js","timestamp":"2025-09-13T09:09:12.027Z"}
{"app":"glade","level":"info","message":"App 'new_app_1757697649364' is now in maintenance mode.","timestamp":"2025-09-13T09:10:58.201Z"}
{"app":"glade","level":"info","message":"Shutting down logger for app 'new_app_1757697649364' before deletion.","timestamp":"2025-09-13T09:10:58.201Z"}
{"app":"glade","level":"info","message":"Shutting down database connections for app 'new_app_1757697649364' before deletion.","timestamp":"2025-09-13T09:10:58.202Z"}
{"app":"glade","level":"info","message":"Revoking permissions for 'new_app_1757697649364'...","timestamp":"2025-09-13T09:10:58.203Z"}
{"app":"glade","level":"info","message":"Permissions for 'new_app_1757697649364' removed from settings/permissions.json.","timestamp":"2025-09-13T09:10:58.206Z"}
{"app":"glade","level":"info","message":"Deleting app directory: E:\\repos\\gingee\\web\\new_app_1757697649364","timestamp":"2025-09-13T09:10:58.206Z"}
{"app":"glade","level":"info","message":"Removing app 'new_app_1757697649364' from app registry.","timestamp":"2025-09-13T09:10:58.214Z"}
{"app":"glade","level":"info","message":"Purging require, transpile and static file caches for app: ","timestamp":"2025-09-13T09:10:58.215Z"}
{"app":"glade","level":"info","message":"Purged require cache for: E:\\repos\\gingee\\web\\new_app_1757697649364\\box\\app.json","timestamp":"2025-09-13T09:10:58.215Z"}
{"app":"glade","level":"info","message":"App 'new_app_1757697649364' deleted successfully.","timestamp":"2025-09-13T09:10:58.216Z"}
{"app":"glade","level":"info","message":"App 'new_app_1757697649364' has been taken out of maintenance mode due to an error.","timestamp":"2025-09-13T09:10:58.216Z"}
{"app":"glade","level":"info","message":"Deletion succeeded for app new_app_1757697649364","timestamp":"2025-09-13T09:10:58.216Z"}
{"app":"glade","level":"info","message":"Response sent by: delete.js","timestamp":"2025-09-13T09:10:58.216Z"}
{"app":"glade","level":"info","message":"Response sent by: apps.js","timestamp":"2025-09-13T09:10:58.222Z"}
{"app":"glade","level":"info","message":"App 'recovery_test_app_1757697671763' is now in maintenance mode.","timestamp":"2025-09-13T09:11:03.529Z"}
{"app":"glade","level":"info","message":"Shutting down logger for app 'recovery_test_app_1757697671763' before deletion.","timestamp":"2025-09-13T09:11:03.530Z"}
{"app":"glade","level":"info","message":"Shutting down database connections for app 'recovery_test_app_1757697671763' before deletion.","timestamp":"2025-09-13T09:11:03.531Z"}
{"app":"glade","level":"info","message":"Revoking permissions for 'recovery_test_app_1757697671763'...","timestamp":"2025-09-13T09:11:03.531Z"}
{"app":"glade","level":"info","message":"Permissions for 'recovery_test_app_1757697671763' removed from settings/permissions.json.","timestamp":"2025-09-13T09:11:03.533Z"}
{"app":"glade","level":"info","message":"Deleting app directory: E:\\repos\\gingee\\web\\recovery_test_app_1757697671763","timestamp":"2025-09-13T09:11:03.534Z"}
{"app":"glade","level":"info","message":"Removing app 'recovery_test_app_1757697671763' from app registry.","timestamp":"2025-09-13T09:11:03.542Z"}
{"app":"glade","level":"info","message":"Purging require, transpile and static file caches for app: ","timestamp":"2025-09-13T09:11:03.543Z"}
{"app":"glade","level":"info","message":"Purged require cache for: E:\\repos\\gingee\\web\\recovery_test_app_1757697671763\\box\\app.json","timestamp":"2025-09-13T09:11:03.544Z"}
{"app":"glade","level":"info","message":"App 'recovery_test_app_1757697671763' deleted successfully.","timestamp":"2025-09-13T09:11:03.545Z"}
{"app":"glade","level":"info","message":"App 'recovery_test_app_1757697671763' has been taken out of maintenance mode due to an error.","timestamp":"2025-09-13T09:11:03.545Z"}
{"app":"glade","level":"info","message":"Deletion succeeded for app recovery_test_app_1757697671763","timestamp":"2025-09-13T09:11:03.545Z"}
{"app":"glade","level":"info","message":"Response sent by: delete.js","timestamp":"2025-09-13T09:11:03.545Z"}
{"app":"glade","level":"info","message":"Response sent by: apps.js","timestamp":"2025-09-13T09:11:03.552Z"}
{"app":"glade","level":"info","message":"Packaging succeeded for app gindoo","timestamp":"2025-09-13T09:11:13.492Z"}
{"app":"glade","level":"info","message":"Response sent by: package.js","timestamp":"2025-09-13T09:11:13.493Z"}
