{"app":"glade","level":"warn","message":"Unauthenticated access attempt blocked for: /glade/api/apps","timestamp":"2025-09-12T04:59:26.528Z"}
{"app":"glade","level":"info","message":"Response sent by: apps.js","timestamp":"2025-09-12T04:59:26.528Z"}
{"app":"glade","level":"info","message":"Body already processed, skipping for login.js","timestamp":"2025-09-12T04:59:34.606Z"}
{"app":"glade","level":"info","message":"Response sent by: login.js","timestamp":"2025-09-12T04:59:34.684Z"}
{"app":"glade","level":"info","message":"Response sent by: apps.js","timestamp":"2025-09-12T04:59:35.271Z"}
{"app":"glade","level":"warn","message":"Unauthenticated access attempt blocked for: /glade/api/get-permissions","timestamp":"2025-09-12T05:08:05.372Z"}
{"app":"glade","level":"info","message":"Response sent by: get-permissions.js","timestamp":"2025-09-12T05:08:05.373Z"}
{"app":"glade","level":"warn","message":"Unauthenticated access attempt blocked for: /glade/api/apps","timestamp":"2025-09-12T05:08:09.937Z"}
{"app":"glade","level":"info","message":"Response sent by: apps.js","timestamp":"2025-09-12T05:08:09.937Z"}
{"app":"glade","level":"info","message":"Body already processed, skipping for login.js","timestamp":"2025-09-12T05:08:15.393Z"}
{"app":"glade","level":"info","message":"Response sent by: login.js","timestamp":"2025-09-12T05:08:15.477Z"}
{"app":"glade","level":"info","message":"Response sent by: apps.js","timestamp":"2025-09-12T05:08:15.963Z"}
{"app":"glade","level":"info","message":"Response sent by: get-permissions.js","timestamp":"2025-09-12T05:08:18.416Z"}
{"app":"glade","level":"info","message":"Body already processed, skipping for set-permissions.js","timestamp":"2025-09-12T05:08:33.345Z"}
{"app":"glade","level":"info","message":"Permissions file on disk updated for app 'gindoo'.","timestamp":"2025-09-12T05:08:33.347Z"}
{"app":"glade","level":"info","message":"App 'gindoo' is now in maintenance mode.","timestamp":"2025-09-12T05:08:33.348Z"}
{"app":"glade","level":"info","message":"Permissions loaded for 'gindoo'. Granted: [db, fs, image]","timestamp":"2025-09-12T05:08:33.358Z"}
{"app":"glade","level":"info","message":"Routes for 'gindoo' reloaded. 10 routes active.","timestamp":"2025-09-12T05:08:33.360Z"}
{"app":"glade","level":"info","message":"Gracefully shut down db pool for 'gindoo_main_db'.","timestamp":"2025-09-12T05:08:33.362Z"}
{"app":"glade","level":"info","message":"Running 1 startup script(s) for app 'gindoo'...","timestamp":"2025-09-12T05:08:33.364Z"}
{"app":"glade","level":"info","message":"App 'gindoo' reloaded successfully.","timestamp":"2025-09-12T05:08:33.377Z"}
{"app":"glade","level":"info","message":"Response sent by: set-permissions.js","timestamp":"2025-09-12T05:08:33.377Z"}
{"app":"glade","level":"info","message":"App 'gindoo' is now in maintenance mode.","timestamp":"2025-09-12T05:09:01.852Z"}
{"app":"glade","level":"info","message":"Permissions loaded for 'gindoo'. Granted: [db, fs, image]","timestamp":"2025-09-12T05:09:01.857Z"}
{"app":"glade","level":"info","message":"Routes for 'gindoo' reloaded. 10 routes active.","timestamp":"2025-09-12T05:09:01.859Z"}
{"app":"glade","level":"info","message":"Gracefully shut down db pool for 'gindoo_main_db'.","timestamp":"2025-09-12T05:09:01.860Z"}
{"app":"glade","level":"info","message":"Running 1 startup script(s) for app 'gindoo'...","timestamp":"2025-09-12T05:09:01.861Z"}
{"app":"glade","level":"info","message":"App 'gindoo' reloaded successfully.","timestamp":"2025-09-12T05:09:01.863Z"}
{"app":"glade","level":"info","message":"Response sent by: reload-app.js","timestamp":"2025-09-12T05:09:01.864Z"}
{"app":"glade","level":"warn","message":"Unauthenticated access attempt blocked for: /glade/api/apps","timestamp":"2025-09-12T05:23:37.539Z"}
{"app":"glade","level":"info","message":"Response sent by: apps.js","timestamp":"2025-09-12T05:23:37.539Z"}
{"app":"glade","level":"info","message":"Body already processed, skipping for login.js","timestamp":"2025-09-12T05:23:41.412Z"}
{"app":"glade","level":"info","message":"Response sent by: login.js","timestamp":"2025-09-12T05:23:41.533Z"}
{"app":"glade","level":"info","message":"Response sent by: apps.js","timestamp":"2025-09-12T05:23:42.049Z"}
