{"app":"glade","level":"warn","message":"Unauthenticated access attempt blocked for: /glade/api/apps","timestamp":"2025-09-10T07:14:55.867Z"}
{"app":"glade","level":"info","message":"Response sent by: apps.js","timestamp":"2025-09-10T07:14:55.867Z"}
{"app":"glade","level":"info","message":"Body already processed, skipping for login.js","timestamp":"2025-09-10T07:15:00.225Z"}
{"app":"glade","level":"info","message":"Response sent by: login.js","timestamp":"2025-09-10T07:15:00.323Z"}
{"app":"glade","level":"info","message":"Response sent by: apps.js","timestamp":"2025-09-10T07:15:00.833Z"}
{"app":"glade","level":"info","message":"App 'lifecycle_app_1757487979012' is now in maintenance mode.","timestamp":"2025-09-10T07:15:09.314Z"}
{"app":"glade","level":"info","message":"Shutting down logger for app 'lifecycle_app_1757487979012' before deletion.","timestamp":"2025-09-10T07:15:09.315Z"}
{"app":"glade","level":"info","message":"Shutting down database connections for app 'lifecycle_app_1757487979012' before deletion.","timestamp":"2025-09-10T07:15:09.317Z"}
{"app":"glade","level":"info","message":"Revoking permissions for 'lifecycle_app_1757487979012'...","timestamp":"2025-09-10T07:15:09.318Z"}
{"app":"glade","level":"info","message":"Permissions for 'lifecycle_app_1757487979012' removed from settings/permissions.json.","timestamp":"2025-09-10T07:15:09.319Z"}
{"app":"glade","level":"info","message":"Deleting app directory: E:\\repos\\gingee\\web\\lifecycle_app_1757487979012","timestamp":"2025-09-10T07:15:09.319Z"}
{"app":"glade","level":"info","message":"Removing app 'lifecycle_app_1757487979012' from app registry.","timestamp":"2025-09-10T07:15:09.329Z"}
{"app":"glade","level":"info","message":"Purging require, transpile and static file caches for app: ","timestamp":"2025-09-10T07:15:09.329Z"}
{"app":"glade","level":"info","message":"Purged require cache for: E:\\repos\\gingee\\web\\lifecycle_app_1757487979012\\box\\app.json","timestamp":"2025-09-10T07:15:09.331Z"}
{"app":"glade","level":"info","message":"App 'lifecycle_app_1757487979012' deleted successfully.","timestamp":"2025-09-10T07:15:09.332Z"}
{"app":"glade","level":"info","message":"App 'lifecycle_app_1757487979012' has been taken out of maintenance mode due to an error.","timestamp":"2025-09-10T07:15:09.332Z"}
{"app":"glade","level":"info","message":"Deletion succeeded for app lifecycle_app_1757487979012","timestamp":"2025-09-10T07:15:09.332Z"}
{"app":"glade","level":"info","message":"Response sent by: delete.js","timestamp":"2025-09-10T07:15:09.333Z"}
{"app":"glade","level":"info","message":"Response sent by: apps.js","timestamp":"2025-09-10T07:15:09.339Z"}
{"app":"glade","level":"info","message":"App 'new_app_1757487964078' is now in maintenance mode.","timestamp":"2025-09-10T07:15:15.542Z"}
{"app":"glade","level":"info","message":"Shutting down logger for app 'new_app_1757487964078' before deletion.","timestamp":"2025-09-10T07:15:15.542Z"}
{"app":"glade","level":"info","message":"Shutting down database connections for app 'new_app_1757487964078' before deletion.","timestamp":"2025-09-10T07:15:15.543Z"}
{"app":"glade","level":"info","message":"Revoking permissions for 'new_app_1757487964078'...","timestamp":"2025-09-10T07:15:15.544Z"}
{"app":"glade","level":"info","message":"Permissions for 'new_app_1757487964078' removed from settings/permissions.json.","timestamp":"2025-09-10T07:15:15.546Z"}
{"app":"glade","level":"info","message":"Deleting app directory: E:\\repos\\gingee\\web\\new_app_1757487964078","timestamp":"2025-09-10T07:15:15.548Z"}
{"app":"glade","level":"info","message":"Removing app 'new_app_1757487964078' from app registry.","timestamp":"2025-09-10T07:15:15.558Z"}
{"app":"glade","level":"info","message":"Purging require, transpile and static file caches for app: ","timestamp":"2025-09-10T07:15:15.559Z"}
{"app":"glade","level":"info","message":"Purged require cache for: E:\\repos\\gingee\\web\\new_app_1757487964078\\box\\app.json","timestamp":"2025-09-10T07:15:15.560Z"}
{"app":"glade","level":"info","message":"App 'new_app_1757487964078' deleted successfully.","timestamp":"2025-09-10T07:15:15.561Z"}
{"app":"glade","level":"info","message":"App 'new_app_1757487964078' has been taken out of maintenance mode due to an error.","timestamp":"2025-09-10T07:15:15.561Z"}
{"app":"glade","level":"info","message":"Deletion succeeded for app new_app_1757487964078","timestamp":"2025-09-10T07:15:15.561Z"}
{"app":"glade","level":"info","message":"Response sent by: delete.js","timestamp":"2025-09-10T07:15:15.562Z"}
{"app":"glade","level":"info","message":"Response sent by: apps.js","timestamp":"2025-09-10T07:15:15.571Z"}
{"app":"glade","level":"info","message":"App 'recovery_test_app_1757487985130' is now in maintenance mode.","timestamp":"2025-09-10T07:15:20.670Z"}
{"app":"glade","level":"info","message":"Shutting down logger for app 'recovery_test_app_1757487985130' before deletion.","timestamp":"2025-09-10T07:15:20.670Z"}
{"app":"glade","level":"info","message":"Shutting down database connections for app 'recovery_test_app_1757487985130' before deletion.","timestamp":"2025-09-10T07:15:20.671Z"}
{"app":"glade","level":"info","message":"Revoking permissions for 'recovery_test_app_1757487985130'...","timestamp":"2025-09-10T07:15:20.671Z"}
{"app":"glade","level":"info","message":"Permissions for 'recovery_test_app_1757487985130' removed from settings/permissions.json.","timestamp":"2025-09-10T07:15:20.672Z"}
{"app":"glade","level":"info","message":"Deleting app directory: E:\\repos\\gingee\\web\\recovery_test_app_1757487985130","timestamp":"2025-09-10T07:15:20.672Z"}
{"app":"glade","level":"info","message":"Removing app 'recovery_test_app_1757487985130' from app registry.","timestamp":"2025-09-10T07:15:20.675Z"}
{"app":"glade","level":"info","message":"Purging require, transpile and static file caches for app: ","timestamp":"2025-09-10T07:15:20.676Z"}
{"app":"glade","level":"info","message":"Purged require cache for: E:\\repos\\gingee\\web\\recovery_test_app_1757487985130\\box\\app.json","timestamp":"2025-09-10T07:15:20.676Z"}
{"app":"glade","level":"info","message":"App 'recovery_test_app_1757487985130' deleted successfully.","timestamp":"2025-09-10T07:15:20.677Z"}
{"app":"glade","level":"info","message":"App 'recovery_test_app_1757487985130' has been taken out of maintenance mode due to an error.","timestamp":"2025-09-10T07:15:20.677Z"}
{"app":"glade","level":"info","message":"Deletion succeeded for app recovery_test_app_1757487985130","timestamp":"2025-09-10T07:15:20.677Z"}
{"app":"glade","level":"info","message":"Response sent by: delete.js","timestamp":"2025-09-10T07:15:20.678Z"}
{"app":"glade","level":"info","message":"Response sent by: apps.js","timestamp":"2025-09-10T07:15:20.684Z"}
{"app":"glade","level":"info","message":"Body already processed, skipping for login.js","timestamp":"2025-09-10T07:43:21.401Z"}
{"app":"glade","level":"info","message":"Response sent by: login.js","timestamp":"2025-09-10T07:43:21.491Z"}
{"app":"glade","level":"info","message":"Response sent by: apps.js","timestamp":"2025-09-10T07:43:21.924Z"}
{"app":"glade","level":"info","message":"Packaging succeeded for app gintin","timestamp":"2025-09-10T07:43:29.724Z"}
{"app":"glade","level":"info","message":"Response sent by: package.js","timestamp":"2025-09-10T07:43:29.725Z"}
{"app":"glade","level":"warn","message":"Unauthenticated access attempt blocked for: /glade/api/apps","timestamp":"2025-09-10T09:51:47.764Z"}
{"app":"glade","level":"info","message":"Response sent by: apps.js","timestamp":"2025-09-10T09:51:47.764Z"}
{"app":"glade","level":"info","message":"Body already processed, skipping for login.js","timestamp":"2025-09-10T09:51:52.107Z"}
{"app":"glade","level":"info","message":"Response sent by: login.js","timestamp":"2025-09-10T09:51:52.188Z"}
{"app":"glade","level":"info","message":"Response sent by: apps.js","timestamp":"2025-09-10T09:51:52.811Z"}
{"app":"glade","level":"info","message":"Packaging succeeded for app tests","timestamp":"2025-09-10T09:51:58.569Z"}
{"app":"glade","level":"info","message":"Response sent by: package.js","timestamp":"2025-09-10T09:51:58.570Z"}
{"app":"glade","level":"warn","message":"Unauthenticated access attempt blocked for: /glade/api/apps","timestamp":"2025-09-10T10:47:42.374Z"}
{"app":"glade","level":"info","message":"Response sent by: apps.js","timestamp":"2025-09-10T10:47:42.374Z"}
{"app":"glade","level":"info","message":"Body already processed, skipping for login.js","timestamp":"2025-09-10T10:59:22.277Z"}
{"app":"glade","level":"info","message":"Response sent by: login.js","timestamp":"2025-09-10T10:59:22.361Z"}
{"app":"glade","level":"info","message":"Response sent by: apps.js","timestamp":"2025-09-10T10:59:23.011Z"}
{"app":"glade","level":"info","message":"Response sent by: logout.js","timestamp":"2025-09-10T11:01:43.183Z"}
