{"app":"glade","level":"warn","message":"Unauthenticated access attempt blocked for: /glade/api/apps","timestamp":"2025-09-09T05:08:09.586Z"}
{"app":"glade","level":"info","message":"Response sent by: apps.js","timestamp":"2025-09-09T05:08:09.586Z"}
{"app":"glade","level":"info","message":"Body already processed, skipping for login.js","timestamp":"2025-09-09T05:08:14.192Z"}
{"app":"glade","level":"info","message":"Response sent by: login.js","timestamp":"2025-09-09T05:08:14.293Z"}
{"app":"glade","level":"info","message":"Response sent by: apps.js","timestamp":"2025-09-09T05:08:14.879Z"}
{"app":"glade","level":"info","message":"App 'gintin' is now in maintenance mode.","timestamp":"2025-09-09T05:08:26.384Z"}
{"app":"glade","level":"info","message":"Shutting down logger for app 'gintin' before deletion.","timestamp":"2025-09-09T05:08:26.385Z"}
{"app":"glade","level":"info","message":"Shutting down database connections for app 'gintin' before deletion.","timestamp":"2025-09-09T05:08:26.387Z"}
{"app":"glade","level":"info","message":"Gracefully shut down db pool for 'gintin_gintin_db'.","timestamp":"2025-09-09T05:08:26.388Z"}
{"app":"glade","level":"info","message":"Revoking permissions for 'gintin'...","timestamp":"2025-09-09T05:08:26.389Z"}
{"app":"glade","level":"info","message":"Permissions for 'gintin' removed from settings/permissions.json.","timestamp":"2025-09-09T05:08:26.390Z"}
{"app":"glade","level":"info","message":"Deleting app directory: E:\\repos\\gingerjs\\web\\gintin","timestamp":"2025-09-09T05:08:26.391Z"}
{"app":"glade","level":"info","message":"Removing app 'gintin' from app registry.","timestamp":"2025-09-09T05:08:26.424Z"}
{"app":"glade","level":"info","message":"Purging require, transpile and static file caches for app: ","timestamp":"2025-09-09T05:08:26.425Z"}
{"app":"glade","level":"info","message":"Purged require cache for: E:\\repos\\gingerjs\\web\\gintin\\box\\app.json","timestamp":"2025-09-09T05:08:26.425Z"}
{"app":"glade","level":"info","message":"App 'gintin' deleted successfully.","timestamp":"2025-09-09T05:08:26.425Z"}
{"app":"glade","level":"info","message":"App 'gintin' has been taken out of maintenance mode due to an error.","timestamp":"2025-09-09T05:08:26.425Z"}
{"app":"glade","level":"info","message":"Deletion succeeded for app gintin","timestamp":"2025-09-09T05:08:26.426Z"}
{"app":"glade","level":"info","message":"Response sent by: delete.js","timestamp":"2025-09-09T05:08:26.426Z"}
{"app":"glade","level":"info","message":"Response sent by: apps.js","timestamp":"2025-09-09T05:08:26.430Z"}
{"app":"glade","level":"info","message":"Response sent by: apps.js","timestamp":"2025-09-09T05:08:31.587Z"}
{"app":"glade","level":"info","message":"Response sent by: apps.js","timestamp":"2025-09-09T05:08:31.752Z"}
{"app":"glade","level":"info","message":"Body already processed, skipping for install.js","timestamp":"2025-09-09T05:08:57.260Z"}
{"app":"glade","level":"info","message":"Permissions file on disk updated for app 'gintin'.","timestamp":"2025-09-09T05:08:57.337Z"}
{"app":"glade","level":"info","message":"Routes for 'gintin' reloaded. 17 routes active.","timestamp":"2025-09-09T05:08:57.339Z"}
{"app":"glade","level":"info","message":"Running 3 startup script(s) for app 'gintin'...","timestamp":"2025-09-09T05:08:57.340Z"}
{"app":"glade","level":"info","message":"App 'gintin' registered successfully.","timestamp":"2025-09-09T05:08:57.471Z"}
{"app":"glade","level":"info","message":"App 'gintin' installed successfully from package.","timestamp":"2025-09-09T05:08:57.471Z"}
{"app":"glade","level":"info","message":"Installation succeeded for app gintin","timestamp":"2025-09-09T05:08:57.471Z"}
{"app":"glade","level":"info","message":"Response sent by: install.js","timestamp":"2025-09-09T05:08:57.471Z"}
{"app":"glade","level":"info","message":"Response sent by: apps.js","timestamp":"2025-09-09T05:08:57.477Z"}
{"app":"glade","level":"info","message":"App 'gintin' is now in maintenance mode.","timestamp":"2025-09-09T05:10:38.627Z"}
{"app":"glade","level":"info","message":"Body already processed, skipping for upgrade.js","timestamp":"2025-09-09T05:10:38.634Z"}
{"app":"glade","level":"info","message":"App 'gintin' is now in maintenance mode.","timestamp":"2025-09-09T05:10:39.531Z"}
{"app":"glade","level":"info","message":"Shutting down logger for app 'gintin' before deletion.","timestamp":"2025-09-09T05:10:39.532Z"}
{"app":"glade","level":"info","message":"Shutting down database connections for app 'gintin' before deletion.","timestamp":"2025-09-09T05:10:39.533Z"}
{"app":"glade","level":"info","message":"Gracefully shut down db pool for 'gintin_gintin_db'.","timestamp":"2025-09-09T05:10:39.533Z"}
{"app":"glade","level":"info","message":"Revoking permissions for 'gintin'...","timestamp":"2025-09-09T05:10:39.533Z"}
{"app":"glade","level":"info","message":"Permissions for 'gintin' removed from settings/permissions.json.","timestamp":"2025-09-09T05:10:39.534Z"}
{"app":"glade","level":"info","message":"Deleting app directory: E:\\repos\\gingerjs\\web\\gintin","timestamp":"2025-09-09T05:10:39.535Z"}
{"app":"glade","level":"info","message":"Removing app 'gintin' from app registry.","timestamp":"2025-09-09T05:10:39.556Z"}
{"app":"glade","level":"info","message":"Purging require, transpile and static file caches for app: ","timestamp":"2025-09-09T05:10:39.557Z"}
{"app":"glade","level":"info","message":"Purged require cache for: E:\\repos\\gingerjs\\web\\gintin\\box\\app.json","timestamp":"2025-09-09T05:10:39.557Z"}
{"app":"glade","level":"info","message":"App 'gintin' deleted successfully.","timestamp":"2025-09-09T05:10:39.557Z"}
{"app":"glade","level":"info","message":"App 'gintin' has been taken out of maintenance mode due to an error.","timestamp":"2025-09-09T05:10:39.557Z"}
{"app":"glade","level":"info","message":"Permissions file on disk updated for app 'gintin'.","timestamp":"2025-09-09T05:10:39.618Z"}
{"app":"glade","level":"info","message":"Routes for 'gintin' reloaded. 17 routes active.","timestamp":"2025-09-09T05:10:39.620Z"}
{"app":"glade","level":"info","message":"Running 3 startup script(s) for app 'gintin'...","timestamp":"2025-09-09T05:10:39.621Z"}
{"app":"glade","level":"info","message":"App 'gintin' registered successfully.","timestamp":"2025-09-09T05:10:39.751Z"}
{"app":"glade","level":"info","message":"App 'gintin' installed successfully from package.","timestamp":"2025-09-09T05:10:39.751Z"}
{"app":"glade","level":"info","message":"App 'gintin' upgraded successfully from version 1.0.0 to 1.1.0.","timestamp":"2025-09-09T05:10:39.751Z"}
{"app":"glade","level":"info","message":"Upgrade succeeded for app gintin","timestamp":"2025-09-09T05:10:39.752Z"}
{"app":"glade","level":"info","message":"Response sent by: upgrade.js","timestamp":"2025-09-09T05:10:39.752Z"}
{"app":"glade","level":"info","message":"Response sent by: apps.js","timestamp":"2025-09-09T05:10:39.760Z"}
{"app":"glade","level":"info","message":"Analyzing backup file: E:\\repos\\gingerjs\\backups\\gintin\\gintin_v1.0.0_2025-09-09T05-10-38-648Z.gin","timestamp":"2025-09-09T05:10:52.001Z"}
{"app":"glade","level":"info","message":"Response sent by: get-permissions.js","timestamp":"2025-09-09T05:10:52.018Z"}
{"app":"glade","level":"info","message":"Response sent by: analyze-backup.js","timestamp":"2025-09-09T05:10:52.030Z"}
{"app":"glade","level":"info","message":"Body already processed, skipping for rollback.js","timestamp":"2025-09-09T05:10:53.685Z"}
{"app":"glade","level":"info","message":"App 'gintin' is now in maintenance mode.","timestamp":"2025-09-09T05:10:53.696Z"}
{"app":"glade","level":"info","message":"App 'gintin' is now in maintenance mode.","timestamp":"2025-09-09T05:10:53.713Z"}
{"app":"glade","level":"info","message":"Shutting down logger for app 'gintin' before deletion.","timestamp":"2025-09-09T05:10:53.714Z"}
{"app":"glade","level":"info","message":"Shutting down database connections for app 'gintin' before deletion.","timestamp":"2025-09-09T05:10:53.714Z"}
{"app":"glade","level":"info","message":"Gracefully shut down db pool for 'gintin_gintin_db'.","timestamp":"2025-09-09T05:10:53.714Z"}
{"app":"glade","level":"info","message":"Revoking permissions for 'gintin'...","timestamp":"2025-09-09T05:10:53.715Z"}
{"app":"glade","level":"info","message":"Permissions for 'gintin' removed from settings/permissions.json.","timestamp":"2025-09-09T05:10:53.715Z"}
{"app":"glade","level":"info","message":"Deleting app directory: E:\\repos\\gingerjs\\web\\gintin","timestamp":"2025-09-09T05:10:53.715Z"}
{"app":"glade","level":"info","message":"Removing app 'gintin' from app registry.","timestamp":"2025-09-09T05:10:53.738Z"}
{"app":"glade","level":"info","message":"Purging require, transpile and static file caches for app: ","timestamp":"2025-09-09T05:10:53.739Z"}
{"app":"glade","level":"info","message":"Purged require cache for: E:\\repos\\gingerjs\\web\\gintin\\box\\app.json","timestamp":"2025-09-09T05:10:53.739Z"}
{"app":"glade","level":"info","message":"App 'gintin' deleted successfully.","timestamp":"2025-09-09T05:10:53.739Z"}
{"app":"glade","level":"info","message":"App 'gintin' has been taken out of maintenance mode due to an error.","timestamp":"2025-09-09T05:10:53.739Z"}
{"app":"glade","level":"info","message":"Permissions file on disk updated for app 'gintin'.","timestamp":"2025-09-09T05:10:53.968Z"}
{"app":"glade","level":"info","message":"Routes for 'gintin' reloaded. 17 routes active.","timestamp":"2025-09-09T05:10:53.969Z"}
{"app":"glade","level":"info","message":"Running 3 startup script(s) for app 'gintin'...","timestamp":"2025-09-09T05:10:53.970Z"}
{"app":"glade","level":"info","message":"App 'gintin' registered successfully.","timestamp":"2025-09-09T05:10:53.974Z"}
{"app":"glade","level":"info","message":"App 'gintin' installed successfully from package.","timestamp":"2025-09-09T05:10:53.974Z"}
{"app":"glade","level":"info","message":"App 'gintin' upgraded successfully from version 1.1.0 to 1.0.0.","timestamp":"2025-09-09T05:10:53.975Z"}
{"app":"glade","level":"info","message":"App 'gintin' rolled back successfully using backup 'gintin_v1.0.0_2025-09-09T05-10-38-648Z.gin'.","timestamp":"2025-09-09T05:10:53.977Z"}
{"app":"glade","level":"info","message":"Rollback succeeded for app gintin","timestamp":"2025-09-09T05:10:53.977Z"}
{"app":"glade","level":"info","message":"Response sent by: rollback.js","timestamp":"2025-09-09T05:10:53.977Z"}
{"app":"glade","level":"info","message":"Response sent by: apps.js","timestamp":"2025-09-09T05:10:53.983Z"}
{"app":"glade","level":"warn","message":"Unauthenticated access attempt blocked for: /glade/api/apps","timestamp":"2025-09-09T05:32:36.571Z"}
{"app":"glade","level":"info","message":"Response sent by: apps.js","timestamp":"2025-09-09T05:32:36.572Z"}
{"app":"glade","level":"info","message":"Body already processed, skipping for login.js","timestamp":"2025-09-09T05:32:43.807Z"}
{"app":"glade","level":"info","message":"Response sent by: login.js","timestamp":"2025-09-09T05:32:43.891Z"}
{"app":"glade","level":"info","message":"Response sent by: apps.js","timestamp":"2025-09-09T05:32:44.445Z"}
{"app":"glade","level":"info","message":"Response sent by: logout.js","timestamp":"2025-09-09T05:32:56.844Z"}
