{"app":"glade","level":"warn","message":"Unauthenticated access attempt blocked for: /glade/api/apps","timestamp":"2025-09-08T10:09:13.865Z"}
{"app":"glade","level":"info","message":"Response sent by: apps.js","timestamp":"2025-09-08T10:09:13.865Z"}
{"app":"glade","level":"info","message":"Body already processed, skipping for login.js","timestamp":"2025-09-08T10:09:21.382Z"}
{"app":"glade","level":"info","message":"Response sent by: login.js","timestamp":"2025-09-08T10:09:21.467Z"}
{"app":"glade","level":"info","message":"Body already processed, skipping for login.js","timestamp":"2025-09-08T10:10:29.031Z"}
{"app":"glade","level":"info","message":"Response sent by: login.js","timestamp":"2025-09-08T10:10:29.114Z"}
{"app":"glade","level":"info","message":"Response sent by: apps.js","timestamp":"2025-09-08T10:10:29.689Z"}
{"app":"glade","level":"info","message":"Body already processed, skipping for upgrade.js","timestamp":"2025-09-08T10:14:54.970Z"}
{"app":"glade","level":"info","message":"App 'recovery_test_app' is now in maintenance mode.","timestamp":"2025-09-08T10:14:54.971Z"}
{"app":"glade","level":"info","message":"App 'recovery_test_app' is now in maintenance mode.","timestamp":"2025-09-08T10:14:55.031Z"}
{"app":"glade","level":"info","message":"Shutting down logger for app 'recovery_test_app' before deletion.","timestamp":"2025-09-08T10:14:55.031Z"}
{"app":"glade","level":"info","message":"Shutting down database connections for app 'recovery_test_app' before deletion.","timestamp":"2025-09-08T10:14:55.032Z"}
{"app":"glade","level":"info","message":"Revoking permissions for 'recovery_test_app'...","timestamp":"2025-09-08T10:14:55.032Z"}
{"app":"glade","level":"info","message":"Permissions for 'recovery_test_app' removed from settings/permissions.json.","timestamp":"2025-09-08T10:14:55.034Z"}
{"app":"glade","level":"info","message":"Deleting app directory: E:\\projects\\gingerjs\\web\\recovery_test_app","timestamp":"2025-09-08T10:14:55.034Z"}
{"app":"glade","level":"info","message":"Removing app 'recovery_test_app' from app registry.","timestamp":"2025-09-08T10:14:55.039Z"}
{"app":"glade","level":"info","message":"Purging require, transpile and static file caches for app: ","timestamp":"2025-09-08T10:14:55.040Z"}
{"app":"glade","level":"info","message":"Purged require cache for: E:\\projects\\gingerjs\\web\\recovery_test_app\\box\\app.json","timestamp":"2025-09-08T10:14:55.040Z"}
{"app":"glade","level":"info","message":"App 'recovery_test_app' deleted successfully.","timestamp":"2025-09-08T10:14:55.040Z"}
{"app":"glade","level":"info","message":"App 'recovery_test_app' has been taken out of maintenance mode due to an error.","timestamp":"2025-09-08T10:14:55.041Z"}
{"app":"glade","level":"info","message":"Permissions file on disk updated for app 'recovery_test_app'.","timestamp":"2025-09-08T10:14:55.053Z"}
{"app":"glade","level":"info","message":"Running 1 startup script(s) for app 'recovery_test_app'...","timestamp":"2025-09-08T10:14:55.054Z"}
{"app":"glade","level":"info","message":"App 'recovery_test_app' registered successfully.","timestamp":"2025-09-08T10:14:55.058Z"}
{"app":"glade","level":"info","message":"App 'recovery_test_app' installed successfully from package.","timestamp":"2025-09-08T10:14:55.058Z"}
{"app":"glade","level":"info","message":"App 'recovery_test_app' upgraded successfully from version 1.0.0 to 2.0.0.","timestamp":"2025-09-08T10:14:55.058Z"}
{"app":"glade","level":"info","message":"Upgrade succeeded for app recovery_test_app","timestamp":"2025-09-08T10:14:55.058Z"}
{"app":"glade","level":"info","message":"Response sent by: upgrade.js","timestamp":"2025-09-08T10:14:55.058Z"}
{"app":"glade","level":"info","message":"Response sent by: apps.js","timestamp":"2025-09-08T10:14:55.064Z"}
{"app":"glade","level":"info","message":"Analyzing backup file: E:\\projects\\gingerjs\\backups\\recovery_test_app\\recovery_test_app_v1.0.0_2025-09-08T10-14-54-987Z.gin","timestamp":"2025-09-08T10:15:03.216Z"}
{"app":"glade","level":"info","message":"Response sent by: get-permissions.js","timestamp":"2025-09-08T10:15:03.220Z"}
{"app":"glade","level":"info","message":"Response sent by: analyze-backup.js","timestamp":"2025-09-08T10:15:03.226Z"}
{"app":"glade","level":"info","message":"Body already processed, skipping for rollback.js","timestamp":"2025-09-08T10:15:04.843Z"}
{"app":"glade","level":"info","message":"App 'recovery_test_app' is now in maintenance mode.","timestamp":"2025-09-08T10:15:04.844Z"}
{"app":"glade","level":"info","message":"App 'recovery_test_app' is now in maintenance mode.","timestamp":"2025-09-08T10:15:04.848Z"}
{"app":"glade","level":"info","message":"Shutting down logger for app 'recovery_test_app' before deletion.","timestamp":"2025-09-08T10:15:04.848Z"}
{"app":"glade","level":"info","message":"Shutting down database connections for app 'recovery_test_app' before deletion.","timestamp":"2025-09-08T10:15:04.849Z"}
{"app":"glade","level":"info","message":"Revoking permissions for 'recovery_test_app'...","timestamp":"2025-09-08T10:15:04.849Z"}
{"app":"glade","level":"info","message":"Permissions for 'recovery_test_app' removed from settings/permissions.json.","timestamp":"2025-09-08T10:15:04.850Z"}
{"app":"glade","level":"info","message":"Deleting app directory: E:\\projects\\gingerjs\\web\\recovery_test_app","timestamp":"2025-09-08T10:15:04.850Z"}
{"app":"glade","level":"info","message":"Removing app 'recovery_test_app' from app registry.","timestamp":"2025-09-08T10:15:04.854Z"}
{"app":"glade","level":"info","message":"Purging require, transpile and static file caches for app: ","timestamp":"2025-09-08T10:15:04.854Z"}
{"app":"glade","level":"info","message":"Purged require cache for: E:\\projects\\gingerjs\\web\\recovery_test_app\\box\\app.json","timestamp":"2025-09-08T10:15:04.855Z"}
{"app":"glade","level":"info","message":"App 'recovery_test_app' deleted successfully.","timestamp":"2025-09-08T10:15:04.855Z"}
{"app":"glade","level":"info","message":"App 'recovery_test_app' has been taken out of maintenance mode due to an error.","timestamp":"2025-09-08T10:15:04.855Z"}
{"app":"glade","level":"info","message":"Permissions file on disk updated for app 'recovery_test_app'.","timestamp":"2025-09-08T10:15:04.869Z"}
{"app":"glade","level":"info","message":"Running 1 startup script(s) for app 'recovery_test_app'...","timestamp":"2025-09-08T10:15:04.869Z"}
{"app":"glade","level":"info","message":"App 'recovery_test_app' registered successfully.","timestamp":"2025-09-08T10:15:04.870Z"}
{"app":"glade","level":"info","message":"App 'recovery_test_app' installed successfully from package.","timestamp":"2025-09-08T10:15:04.870Z"}
{"app":"glade","level":"info","message":"App 'recovery_test_app' upgraded successfully from version 2.0.0 to 1.0.0.","timestamp":"2025-09-08T10:15:04.870Z"}
{"app":"glade","level":"info","message":"App 'recovery_test_app' rolled back successfully using backup 'recovery_test_app_v1.0.0_2025-09-08T10-14-54-987Z.gin'.","timestamp":"2025-09-08T10:15:04.871Z"}
{"app":"glade","level":"info","message":"Rollback succeeded for app recovery_test_app","timestamp":"2025-09-08T10:15:04.871Z"}
{"app":"glade","level":"info","message":"Response sent by: rollback.js","timestamp":"2025-09-08T10:15:04.871Z"}
{"app":"glade","level":"info","message":"Response sent by: apps.js","timestamp":"2025-09-08T10:15:04.876Z"}
{"app":"glade","level":"info","message":"App 'recovery_test_app' is now in maintenance mode.","timestamp":"2025-09-08T10:15:12.527Z"}
{"app":"glade","level":"info","message":"Shutting down logger for app 'recovery_test_app' before deletion.","timestamp":"2025-09-08T10:15:12.527Z"}
{"app":"glade","level":"info","message":"Shutting down database connections for app 'recovery_test_app' before deletion.","timestamp":"2025-09-08T10:15:12.528Z"}
{"app":"glade","level":"info","message":"Revoking permissions for 'recovery_test_app'...","timestamp":"2025-09-08T10:15:12.528Z"}
{"app":"glade","level":"info","message":"Permissions for 'recovery_test_app' removed from settings/permissions.json.","timestamp":"2025-09-08T10:15:12.529Z"}
{"app":"glade","level":"info","message":"Deleting app directory: E:\\projects\\gingerjs\\web\\recovery_test_app","timestamp":"2025-09-08T10:15:12.529Z"}
{"app":"glade","level":"info","message":"Removing app 'recovery_test_app' from app registry.","timestamp":"2025-09-08T10:15:12.533Z"}
{"app":"glade","level":"info","message":"Purging require, transpile and static file caches for app: ","timestamp":"2025-09-08T10:15:12.534Z"}
{"app":"glade","level":"info","message":"Purged require cache for: E:\\projects\\gingerjs\\web\\recovery_test_app\\box\\app.json","timestamp":"2025-09-08T10:15:12.534Z"}
{"app":"glade","level":"info","message":"App 'recovery_test_app' deleted successfully.","timestamp":"2025-09-08T10:15:12.534Z"}
{"app":"glade","level":"info","message":"App 'recovery_test_app' has been taken out of maintenance mode due to an error.","timestamp":"2025-09-08T10:15:12.534Z"}
{"app":"glade","level":"info","message":"Deletion succeeded for app recovery_test_app","timestamp":"2025-09-08T10:15:12.534Z"}
{"app":"glade","level":"info","message":"Response sent by: delete.js","timestamp":"2025-09-08T10:15:12.535Z"}
{"app":"glade","level":"info","message":"Response sent by: apps.js","timestamp":"2025-09-08T10:15:12.539Z"}
{"app":"glade","level":"warn","message":"Unauthenticated access attempt blocked for: /glade/api/apps","timestamp":"2025-09-08T10:25:06.307Z"}
{"app":"glade","level":"info","message":"Response sent by: apps.js","timestamp":"2025-09-08T10:25:06.307Z"}
{"app":"glade","level":"info","message":"Body already processed, skipping for login.js","timestamp":"2025-09-08T10:25:53.488Z"}
{"app":"glade","level":"info","message":"Response sent by: login.js","timestamp":"2025-09-08T10:25:53.570Z"}
{"app":"glade","level":"info","message":"Response sent by: apps.js","timestamp":"2025-09-08T10:25:54.069Z"}
